     1  000000             CHIP		SN8P2501D
     2  000000             //{{SONIX_CODE_OPTION
     3  000000             	.Code_Option	Noise_Filter	Enable
     4  000000             	.Code_Option	Reset_Pin	P11
     5  000000             	.Code_Option	Watch_Dog	Disable
     6  000000             	.Code_Option	High_Clk	IHRC_RTC	;
     7  000000             	.Code_Option	Fcpu		#3     ; Fcpu = Fosc/8
     8  000000             	.Code_Option	Security	Enable
     9  000000             	.Code_Option	LVD		LVD_L		;
    10  000000             //}}SONIX_CODE_OPTION
    11  000000             
    12  E 0000002F         	END_RAM_ADDR	EQU	0X2F
    13  E 000000A1         	EER_ADD			EQU	0XA1	;10100001B
    14  E 000000A0         	EEW_ADD			EQU	0XA0	;10100000B
    15  E 00000030         	RAM_COUNT		EQU	48
    16  E 00000034         	TM_DATA_H		EQU	0X34	;ADDR OF THE TEMPEATURE	OF TM
    17  E 00000000         	TM_DATA_L		EQU	0X00
    18  E 00000078         	TIME_GAP		EQU	0X78	;0X78
    19  E 00000001         	T0_TDR			EQU	0X01
    20  E 0000003D         	TMR_ADD 		EQU	0X3D
    21  E 0000003C         	TMW_ADD			EQU	0X3C
    22  E 0000001F         	MAX_MEMH		EQU	0X1F
    23  E 000000F0         	MAX_MEML		EQU	0XF0
    24  E 0000001F         	LAST_TIME_EE_ADD_H EQU 0X1F
    25  E 000000FE         	LAST_TIME_EE_ADD_L EQU 0XFE
    26  E 0000001F         	LIVE_TIME_ADD_H		EQU	0X1F
    27  E 000000FC         	LIVE_TIME_ADD_L		EQU	0XFC
    28  E 00000001         	DEFAULT_FRONT_TIME_DELAY	EQU	0X01
    29  E 00000001         	DEFAULT_TIME_GAP	EQU	0X01
    30  E 0000002E         	TM_TIME_H		EQU	0X2E
    31  E 00000000         	TM_TIME_L		EQU	0X00
    32  E 0000002F         	WRITE_TM_ADD_H	EQU	0X2F
    33  E 00000000         	WRITE_TM_ADD_L	EQU	0X00
    34  E 00000001         	WRITE_FLAG_H	EQU 0X01
    35  E 00000000         	WRITE_FLAG_L	EQU	0X00
    36  E 00000002         	DEFAULT_GAP_TIME_FLAGH EQU 0X02
    37  E 00000000         	DEFAULT_GAP_TIME_FLAGL EQU	0X00
    38  000000             .DATA
    39  000000             			ORG	0H
    40  0000 D             	DELAYTIME1	DS	1
    41  0001 D             	DELAYTIME2	DS	1
    42  0002 D             	TIMEOUT		DS	1
    43  0003 D             	TLC0		DS	1
    44  0004 D             	TLC1		DS	1
    45  0005 D             	TLC2		DS	1
    46  0006 D             	FLAG1		DS	1
    47  0007 D             	FLAG2		DS	1
    48  0008 D             	TIMEH		DS	1
    49  0009 D             	TIMEG		DS	1
    50  000A D             	DATA_IN		DS	1
    51  000B D             	DATA_OUT	DS	1
    52  000C D             	DATAH		DS	1
    53  000D D             	DATAL		DS	1
    54  000E D             	ADDRESSH	DS	1
    55  000F D             	ADDRESSL	DS	1
    56  0010 D             	CRCT1		DS	1
    57  0011 D             	CRCT2		DS	1
    58  0012 D             	COUNT		DS	1
    59  0013 D             	MAC_H		DS	1
    60  0014 D             	MAC_L		DS	1
    61  0015 D             	FRONT_DELAY	DS	1
    62  0016 D             	TIME_DELAY_GAP	DS	1
    63  0017 D             	STARTADDRH		DS	1
    64  0018 D             	STARTADDRL		DS	1
    65  000019             ;**************BIT_VARIABLES_DEFINNITIONS*******
    66  E 00000006         	READTM_FLAG	EQU	FLAG1.0
    67  E 00030006         	TIME_FLAG	EQU	FLAG1.3
    68  E 00010006         	RESET_FLAG	EQU	FLAG1.1
    69  E 00020006         	TM_EE_FLAG	EQU FLAG1.2
    70  E 00040006         	DEFAULT_GAP_FLAG	EQU	FLAG1.4
    71  E 00050006         	FILLOUT_FLAG	EQU	FLAG1.5
    72  E 00060006         	I2CERROR_FLAG	EQU	FLAG1.6
    73  E 00070006         	ASK_FLAG	EQU	FLAG1.7
    74  E 00010007         	READ_LED_FLAG	EQU	FLAG2.1
    75  E 00020007         	NOT_UPLOAD_FLAG	EQU	FLAG2.2
    76  E 00030007         	HAVE_UPLOAD_FLAG EQU FLAG2.3
    77  E 00040007         	NOT_QUICK_MODE_FLAG EQU FLAG2.4
    78  E 00050007         	TM_I2C_EEROR	EQU FLAG2.5
    79  E 000200D2         	CLED_IO			EQU	P2.2
    80  E 000100D2         	SDATA_IO		EQU	P2.1
    81  E 000000D2         	SCL_IO			EQU	P2.0
    82  E 000300D2         	S_TM_EE_IO		EQU	P2.3
    83  E 000400D2         	PUSH_V_SENSOR_GND	EQU	P2.4
    84  E 000500D2         	SDA_IO			EQU	P2.5
    85  E 000400D5         	VTM_IO			EQU	P5.4
    86  E 000000D0         	VSR_IO			EQU	P0.0
    87  E 000200C2         	CLED_CONT		EQU	P2M.2
    88  E 000100C2         	SDATA_CONT		EQU	P2M.1
    89  E 000000C2         	SCL_CONT		EQU	P2M.0
    90  E 000300C2         	S_TM_EE_CONT	EQU	P2M.3
    91  E 000500C2         	SDA_CONT		EQU	P2M.5
    92  E 000400C5         	VTM_CONT		EQU	P5M.4
    93  E 000000B8         	VSR_CONT		EQU	P0M.0
    94  000019             ;***************************************
    95  E 000100D1         	VDDF			EQU	P1.1
    96  E 000000D1         	S_VDD_VCC_IO		EQU	P1.0
    97  E 000000C1         	S_VDD_VCC_CONT		EQU	P1M.0
    98  000019             ;*************CODE_SECTION**********************	
    99  000000             .CODE
   100  000000             
   101  000000             		ORG	0
   102  000000   8030(2)  	JMP		START
   103  000008             		ORG	8H
   104  000008   8009(2)  	JMP		INT_SERVICE
   105  000009             INT_SERVICE:
   106  000009             ;KEEP ACC AND PFLAG
   107  000009   0400(1)  	PUSH
   108  00000A             ;T0 INTERRUPT
   109  00000A             JUST_T0:
   110  00000A   74C9(1+S)  	B0BTS0	FT0IEN
   111  00000B   7CC8(1+S)  	B0BTS1	FT0IRQ
   112  00000C   8025(2)  	JMP		JUST_TC0
   113  00000D   64C8(1)  	B0BCLR	FT0IRQ
   114  00000E             ;T0 INTERRUPT SERVISE PROGRESS
   115  00000E   71D1(1+S)  	B0BTS0	VDDF
   116  00000F   4A07(1)  	BSET 	NOT_UPLOAD_FLAG
   117  000010   71D1(1+S)  	B0BTS0	VDDF
   118  000011   4307(1)  	BCLR    HAVE_UPLOAD_FLAG
   119  000012             ;///////////////////////////////
   120  000012   5B07(1+S)  	BTS1	HAVE_UPLOAD_FLAG
   121  000013   8016(2)  	JMP		$+3
   122  000014   79D1(1+S)  	B0BTS1	VDDF
   123  000015   4C07(1)  	BSET	NOT_QUICK_MODE_FLAG
   124  000016   79D1(1+S)  	B0BTS1	VDDF
   125  000017   4B07(1)  	BSET    HAVE_UPLOAD_FLAG
   126  000018             ;//////////////////////////////////
   127  000018   1608(1+S)  	INCMS	TIMEH ;TIMEH=TIMEH+1,
   128  000019   2D78(1)  	MOV		A,#TIME_GAP
   129  00001A   0708(1+S)  	CMPRS	A,TIMEH
   130  00001B   802E(2)  	JMP		EXIT_INT
   131  00001C   2B08(1)  	CLR		TIMEH
   132  00001D   4B06(1)  	BSET	TIME_FLAG
   133  00001E   1609(1+S)  	INCMS	TIMEG
   134  00001F   1E16(1)  	MOV		A,TIME_DELAY_GAP
   135  000020   0709(1+S)  	CMPRS	A,TIMEG
   136  000021   802E(2)  	JMP		EXIT_INT
   137  000022   2B09(1)  	CLR		TIMEG
   138  000023   4806(1)  	BSET	READTM_FLAG
   139  000024   802E(2)  	JMP		EXIT_INT
   140  000025             JUST_TC0:
   141  000025   75C9(1+S)  	B0BTS0	FTC0IEN
   142  000026   7DC8(1+S)  	B0BTS1	FTC0IRQ
   143  000027   802A(2)  	JMP		JUST_INT0
   144  000028   65C8(1)  	B0BCLR	FTC0IRQ
   145  000029             ;TC0 INTERRUPT SERVICE PROGRESS
   146  000029   802E(2)  	JMP		EXIT_INT
   147  00002A             JUST_INT0:
   148  00002A   70C9(1+S)  	B0BTS0	FP00IEN
   149  00002B   78C8(1+S)  	B0BTS1	FP00IRQ
   150  00002C   802E(2)  	JMP EXIT_INT
   151  00002D   60C8(1)  	B0BCLR	FP00IRQ
   152  00002E             ;INT0 INTERRUPT SERVISE PROGRESS
   153  00002E             EXIT_INT:
   154  00002E   0500(1)  	POP
   155  00002F   0F00(2)  	RETI
   156  000030             ;*********************************************************
   157  000030             ;***********************STARRT**********************
   158  000030             START:
   159  000030   2D7F(1)  	MOV		A,#07FH
   160  000031   2FDF(1)  	B0MOV		STKP,A		;DISABLE GLOBAL INTERRUPT
   161  000032   2B86(1)  	CLR		PFLAG
   162  000033   2D00(1)  	MOV		A,#00H
   163  000034   2FCA(1)  	B0MOV		OSCM,A
   164  000035   2D5A(1)  	MOV		A,#0X5A
   165  000036   2FCC(1)  	B0MOV		WDTR,A	
   166  000037   C082(2)  	CALL		CLRRAM
   167  000038             STATE_INITIAL:
   168  000038   C0A0(2)  	CALL		DELAY_LED
   169  000039   C0A0(2)  	CALL		DELAY_LED
   170  00003A   C0A0(2)  	CALL		DELAY_LED
   171  00003B   C0A0(2)  	CALL		DELAY_LED
   172  00003C   C0B4(2)  	CALL		SYS_INIT_FUN
   173  00003D   67DF(1)  	B0BCLR		FGIE
   174  00003E             ;******************SDATA+ VTM-******
   175  00003E   69C2(1)  	B0BSET		SDATA_CONT
   176  00003F   61D2(1)  	B0BCLR		SDATA_IO
   177  000040   62C2(1)  	B0BCLR		CLED_CONT
   178  000041   C0A0(2)  	CALL		DELAY_LED
   179  000042             CLOCK_LOOP:
   180  000042   C08B(2)  	CALL		DELAY_MINI
   181  000043   69D2(1)  	B0BSET		SDATA_IO
   182  000044   64D5(1)  	B0BCLR		VTM_IO
   183  000045   7AD2(1+S)  	B0BTS1		CLED_IO
   184  000046   804B(2)  	JMP			STATE_CHANGE
   185  000047   C08B(2)  	CALL		DELAY_MINI
   186  000048   61D2(1)  	B0BCLR		SDATA_IO
   187  000049   6CD5(1)  	B0BSET		VTM_IO
   188  00004A   8042(2)  	JMP			CLOCK_LOOP
   189  00004B             STATE_CHANGE:
   190  00004B   C0A0(2)  	CALL		DELAY_LED
   191  00004C   C0A0(2)  	CALL		DELAY_LED
   192  00004D   C0A0(2)  	CALL		DELAY_LED
   193  00004E   C0A0(2)  	CALL		DELAY_LED
   194  00004F   6AC2(1)  	B0BSET		CLED_CONT
   195  000050   2D04(1)  	MOV			A,#0X04
   196  000051   1F10(1)  	MOV			CRCT1,A
   197  000052             STATE_CHANGE_LED:
   198  000052   62D2(1)  	B0BCLR		CLED_IO
   199  000053   C0A0(2)  	CALL		DELAY_LED	
   200  000054   6AD2(1)  	B0BSET		CLED_IO
   201  000055   C0A0(2)  	CALL		DELAY_LED
   202  000056   2610(1+S)  	DECMS		CRCT1
   203  000057   8052(2)  	JMP			STATE_CHANGE_LED
   204  000058   62C2(1)  	B0BCLR		CLED_CONT
   205  000059             SLOW_CLOCK_LOOP:
   206  000059   C08B(2)  	CALL		DELAY_MINI
   207  00005A   C08B(2)  	CALL		DELAY_MINI
   208  00005B   69D2(1)  	B0BSET		SDATA_IO
   209  00005C   64D5(1)  	B0BCLR		VTM_IO
   210  00005D   7AD2(1+S)  	B0BTS1		CLED_IO
   211  00005E   8064(2)  	JMP			FAST_STATE_CHANGE
   212  00005F   C08B(2)  	CALL		DELAY_MINI
   213  000060   C08B(2)  	CALL		DELAY_MINI
   214  000061   61D2(1)  	B0BCLR		SDATA_IO
   215  000062   6CD5(1)  	B0BSET		VTM_IO
   216  000063   8059(2)  	JMP			SLOW_CLOCK_LOOP
   217  000064             FAST_STATE_CHANGE:
   218  000064   C0A0(2)  	CALL		DELAY_LED
   219  000065   C0A0(2)  	CALL		DELAY_LED
   220  000066   C0A0(2)  	CALL		DELAY_LED
   221  000067   C0A0(2)  	CALL		DELAY_LED
   222  000068   6AC2(1)  	B0BSET		CLED_CONT
   223  000069   2D05(1)  	MOV			A,#0X05
   224  00006A   1F10(1)  	MOV			CRCT1,A
   225  00006B             FAST_STATE_CHANGE_LED:
   226  00006B   62D2(1)  	B0BCLR		CLED_IO
   227  00006C   C0A0(2)  	CALL		DELAY_LED	
   228  00006D   6AD2(1)  	B0BSET		CLED_IO
   229  00006E   C0A0(2)  	CALL		DELAY_LED
   230  00006F   2610(1+S)  	DECMS		CRCT1
   231  000070   806B(2)  	JMP			FAST_STATE_CHANGE_LED
   232  000071   62C2(1)  	B0BCLR		CLED_CONT
   233  000072             FAST_CLOCK_LOOP:
   234  000072   C08A(2)  	CALL		CALL_DELAY
   235  000073   C08A(2)  	CALL		CALL_DELAY
   236  000074   69D2(1)  	B0BSET		SDATA_IO
   237  000075   64D5(1)  	B0BCLR		VTM_IO
   238  000076   7AD2(1+S)  	B0BTS1		CLED_IO
   239  000077   8038(2)  	JMP			STATE_INITIAL
   240  000078   C08A(2)  	CALL		CALL_DELAY
   241  000079   C08A(2)  	CALL		CALL_DELAY
   242  00007A   61D2(1)  	B0BCLR		SDATA_IO
   243  00007B   6CD5(1)  	B0BSET		VTM_IO
   244  00007C   8072(2)  	JMP			FAST_CLOCK_LOOP
   245  00007D             	
   246  00007D             	
   247  00007D             	
   248  00007D             	
   249  00007D             	
   250  00007D             	
   251  00007D             	
   252  00007D             	
   253  00007D             	
   254  00007D             	
   255  00007D             RESET_MODE:
   256  00007D   4906(1)  	BSET	RESET_FLAG
   257  00007E   4506(1)  	BCLR	FILLOUT_FLAG
   258  00007F   2B08(1)  	CLR		TIMEH
   259  000080   2B09(1)  	CLR		TIMEG
   260  000081   8038(2)  	JMP		STATE_INITIAL
   261  000082             	
   262  000082             	
   263  000082             	
   264  000082             	
   265  000082             	
   266  000082             	
   267  000082             	
   268  000082             	
   269  000082             	
   270  000082             CLRRAM:
   271  000082             	
   272  000082   2B84(1)  	CLR			Y
   273  000083   2D2F(1)  	MOV			A,#END_RAM_ADDR
   274  000084   2F83(1)  	B0MOV		Z,A
   275  000085             CLRRAM10:
   276  000085   2BE7(1)  	CLR			@YZ
   277  000086   2683(1+S)  	DECMS		Z
   278  000087   8085(2)  	JMP			CLRRAM10
   279  000088   2BE7(1)  	CLR			@YZ
   280  000089   0E00(2)  	RET
   281  00008A             ;***********************************
   282  00008A             ;***************************************
   283  00008A             ;*********************delay*****************
   284  00008A             CALL_DELAY:
   285  00008A   0E00(2)  	RET
   286  00008B             DELAY_MINI:;13US
   287  00008B   2D05(1)  	MOV		A,#0X05
   288  00008C   1F00(1)  	MOV		DELAYTIME1,A
   289  00008D             DELAY0:
   290  00008D   2600(1+S)  	DECMS	DELAYTIME1
   291  00008E   808D(2)  	JMP		DELAY0
   292  00008F   0E00(2)  	RET
   293  000090             	
   294  000090             DELAY_SHORT:		;50US FOR 0.5US/INSTRUCTION
   295  000090   2D63(1)  	MOV		A,#0X63
   296  000091   1F00(1)  	MOV		DELAYTIME1,A
   297  000092             DELAY1:
   298  000092   0000(1)  	NOP
   299  000093   2600(1+S)  	DECMS	DELAYTIME1
   300  000094   8092(2)  	JMP		DELAY1
   301  000095   0E00(2)  	RET
   302  000096             DELAY_LONG:	;>=5MS
   303  000096             ;WAIT_FOR_A_LONG_WHILE
   304  000096   2D0A(1)  	MOV		A,#0X0A
   305  000097   2F00(1)  	B0MOV	DELAYTIME1,A
   306  000098             DELAY2_1:
   307  000098   2DC7(1)  	MOV		A,#0XC7
   308  000099   1F01(1)  	MOV		DELAYTIME2,A
   309  00009A             DELAY2_2:
   310  00009A   0000(1)  	NOP
   311  00009B   2601(1+S)  	DECMS	DELAYTIME2
   312  00009C   809A(2)  	JMP		DELAY2_2	
   313  00009D   2600(1+S)  	DECMS	DELAYTIME1
   314  00009E   8098(2)  	JMP		DELAY2_1
   315  00009F   0E00(2)  	RET		
   316  0000A0             DELAY_LED:		;0.2S
   317  0000A0             ;WAIT_FOR_DEEP_DARK_FANTASY
   318  0000A0   2DFF(1)  	MOV		A,#0XFF
   319  0000A1   1F01(1)  	MOV		DELAYTIME2,A
   320  0000A2             DELAY3_1:
   321  0000A2   2DFF(1)  	MOV		A,#0XFF
   322  0000A3   1F00(1)  	MOV		DELAYTIME1,A
   323  0000A4             DELAY3_2:
   324  0000A4   0000(1)  	NOP
   325  0000A5   0000(1)  	NOP
   326  0000A6   2600(1+S)  	DECMS		DELAYTIME1
   327  0000A7   80A4(2)  	JMP			DELAY3_2
   328  0000A8   2601(1+S)  	DECMS		DELAYTIME2
   329  0000A9   80A2(2)  	JMP			DELAY3_1
   330  0000AA   0E00(2)  	RET
   331  0000AB             OPEN_TC0_INT_FUN:
   332  0000AB   6BDA(1)  	B0BSET	FTC0CKS	;	OUTSIDE INPUT ACCIDENT
   333  0000AC   6ADA(1)  	B0BSET	FALOAD0 ;
   334  0000AD   2DFD(1)  	MOV		A,#0XFD
   335  0000AE   2FCD(1)  	B0MOV	TC0R,A
   336  0000AF   2FDB(1)  	B0MOV	TC0C,A
   337  0000B0   65C8(1)  	B0BCLR	FTC0IRQ
   338  0000B1   6DC9(1)  	B0BSET	FTC0IEN
   339  0000B2   6FDA(1)  	B0BSET	FTC0ENB
   340  0000B3   0E00(2)  	RET
   341  0000B4             SYS_INIT_FUN:
   342  0000B4   2D3D(1)  	MOV			A,#0X3D
   343  0000B5   2FC2(1)  	B0MOV		P2M,A
   344  0000B6   2D35(1)  	MOV			A,#0X35
   345  0000B7   2FD2(1)  	B0MOV		P2,A
   346  0000B8             	;up resistor for p2.1
   347  0000B8             	;MOV			A,#0X02
   348  0000B8             	;B0MOV		P2UR,A
   349  0000B8   2D01(1)  	MOV			A,#0X01
   350  0000B9   2FC1(1)  	B0MOV		P1M,A
   351  0000BA   2BD1(1)  	CLR			P1
   352  0000BB   68B8(1)  	B0BSET		VSR_CONT
   353  0000BC   60D0(1)  	B0BCLR		VSR_IO
   354  0000BD   68C1(1)  	B0BSET		S_VDD_VCC_CONT
   355  0000BE   60D1(1)  	B0BCLR		S_VDD_VCC_IO
   356  0000BF   6CC5(1)  	B0BSET		VTM_CONT
   357  0000C0   64D5(1)  	B0BCLR		VTM_IO
   358  0000C1   2D03(1)  	MOV			A,#0X03
   359  0000C2   1F10(1)  	MOV			CRCT1,A
   360  0000C3             SYS_INIT_LED:
   361  0000C3   62D2(1)  	B0BCLR		CLED_IO
   362  0000C4   C0A0(2)  	CALL		DELAY_LED	
   363  0000C5   6AD2(1)  	B0BSET		CLED_IO
   364  0000C6   C0A0(2)  	CALL		DELAY_LED
   365  0000C7   2610(1+S)  	DECMS		CRCT1
   366  0000C8   80C3(2)  	JMP			SYS_INIT_LED
   367  0000C9             ;************T0_INIT_START************************************
   368  0000C9   2D00(1)  	MOV			A,#0X00
   369  0000CA   2FD8(1)  	B0MOV		T0M,A	
   370  0000CB   68D8(1)  	B0BSET		FT0TB	; T0 = Fcpu/256,PERIOD TIME IS 2S
   371  0000CC   2BD9(1)  	CLR			T0C
   372  0000CD   64C8(1)  	B0BCLR		FT0IRQ
   373  0000CE   64C9(1)  	B0BCLR		FT0IEN
   374  0000CF   67D8(1)  	B0BCLR		FT0ENB
   375  0000D0             ;*****************TC0_INIT_START*****************
   376  0000D0   2BDA(1)  	CLR			TC0M
   377  0000D1   2BDB(1)  	CLR			TC0C
   378  0000D2   65C8(1)  	B0BCLR		FTC0IRQ
   379  0000D3   65C9(1)  	B0BCLR		FTC0IEN
   380  0000D4   67DA(1)  	B0BCLR		FTC0ENB
   381  0000D5             ;************************OPEN P1.1WEEK UP FUNCTION*********************
   382  0000D5   2D02(1)  	MOV			A,#0X02
   383  0000D6   2FC0(1)  	B0MOV		P1W,A
   384  0000D7   C08B(2)  	CALL		DELAY_MINI
   385  0000D8   0E00(2)  	RET
   386  0000D9             
   387  0000D9             	ENDP
